<?xml version="1.0" ?>
<!DOCTYPE coverage SYSTEM "http://cobertura.sourceforge.net/xml/coverage-04.dtd">
<coverage lines-valid="1000" lines-covered="874" line-rate="0.874" branches-valid="0" branches-covered="0" branch-rate="0" version="gcovr 7.2" timestamp="1727172000" complexity="0">
  <sources><source>.</source></sources>
  <packages>
    <package name="drivers" line-rate="0.874" branch-rate="0" complexity="0">
      <classes>
        <class name="can_c" filename="src/drivers/can.c" line-rate="0.5" branch-rate="0" complexity="0">
          <lines>
            <line number="12" hits="4"/>
            <line number="20" hits="0"/>
          </lines>
        </class>
      </classes>
    </package>
  </packages>
</coverage>
